2023-04-28 00:41:27.360 | INFO     | src.core.bot.bot:load_extension:41 - Loaded extension src.exts.commands.
2023-04-28 00:41:27.421 | INFO     | src.core.bot.bot:load_extension:41 - Loaded extension src.exts.utils.
2023-04-28 00:41:27.700 | INFO     | src.core.bot.bot:load_extension:41 - Loaded extension src.exts.listeners.
2023-04-28 00:41:27.701 | INFO     | src.core.bot.bot:start:24 - Connecting to database...
2023-04-28 00:41:27.729 | INFO     | src.core.bot.bot:start:26 - Connected to database.
2023-04-28 00:41:28.573 | INFO     | src.core.bot.bot:on_connect:33 - Bot connected to the gateway, logged in as Calico#4113.
2023-04-28 00:41:35.879 | INFO     | src.exts.utils.sync:sync_members:36 - Fetching guild members from the API, this could take a awhile...
2023-04-28 00:41:35.880 | INFO     | src.core.bot.bot:on_ready:36 - READY event received.
2023-04-28 00:41:40.493 | INFO     | src.exts.utils.sync:sync_members:42 - Fetched members from the API in 4.61 seconds.
2023-04-28 00:41:40.500 | TRACE    | src.exts.listeners.members.on_member_update:on_member_update:21 - Member update event queued.
2023-04-28 00:41:40.501 | TRACE    | src.exts.listeners.members.on_member_update:on_member_update:21 - Member update event queued.
2023-04-28 00:41:42.153 | TRACE    | src.exts.listeners.messages.on_message:on_message:29 - Messsage event queued.
2023-04-28 00:41:44.122 | TRACE    | src.exts.listeners.members.on_member_update:on_member_update:21 - Member update event queued.
2023-04-28 00:41:44.321 | TRACE    | src.exts.listeners.messages.on_message:on_message:29 - Messsage event queued.
2023-04-28 00:41:46.101 | TRACE    | src.exts.listeners.members.on_member_update:on_member_update:21 - Member update event queued.
2023-04-28 00:41:47.709 | INFO     | src.exts.utils.sync:sync_members:48 - Parsing member data, this could take a second...
2023-04-28 00:41:53.026 | INFO     | src.exts.utils.sync:sync_members:70 - Updating members in the database, this could take a awhile...
2023-04-28 00:41:53.060 | TRACE    | src.exts.listeners.messages.on_message:on_message:29 - Messsage event queued.
2023-04-28 00:41:53.140 | TRACE    | src.exts.listeners.members.on_member_update:on_member_update:21 - Member update event queued.
2023-04-28 00:41:53.239 | TRACE    | src.core.database.models:bulk_upsert:115 - Bulk upsert performed, 1500 rows affected.
2023-04-28 00:41:53.329 | TRACE    | src.core.database.models:bulk_upsert:115 - Bulk upsert performed, 1500 rows affected.
2023-04-28 00:41:53.374 | TRACE    | src.core.database.models:bulk_upsert:115 - Bulk upsert performed, 1500 rows affected.
2023-04-28 00:41:53.425 | TRACE    | src.core.database.models:bulk_upsert:115 - Bulk upsert performed, 1500 rows affected.
2023-04-28 00:41:53.461 | TRACE    | src.core.database.models:bulk_upsert:115 - Bulk upsert performed, 1500 rows affected.
2023-04-28 00:41:53.529 | TRACE    | src.core.database.models:bulk_upsert:115 - Bulk upsert performed, 1500 rows affected.
2023-04-28 00:41:53.574 | TRACE    | src.core.database.models:bulk_upsert:115 - Bulk upsert performed, 1500 rows affected.
2023-04-28 00:41:53.645 | TRACE    | src.core.database.models:bulk_upsert:115 - Bulk upsert performed, 1500 rows affected.
2023-04-28 00:41:53.719 | TRACE    | src.core.database.models:bulk_upsert:115 - Bulk upsert performed, 1500 rows affected.
2023-04-28 00:41:53.764 | TRACE    | src.core.database.models:bulk_upsert:115 - Bulk upsert performed, 1500 rows affected.
2023-04-28 00:41:53.803 | TRACE    | src.core.database.models:bulk_upsert:115 - Bulk upsert performed, 1500 rows affected.
2023-04-28 00:41:53.866 | TRACE    | src.core.database.models:bulk_upsert:115 - Bulk upsert performed, 1500 rows affected.
2023-04-28 00:41:53.982 | TRACE    | src.core.database.models:bulk_upsert:115 - Bulk upsert performed, 1500 rows affected.
2023-04-28 00:41:54.040 | TRACE    | src.core.database.models:bulk_upsert:115 - Bulk upsert performed, 1500 rows affected.
2023-04-28 00:41:54.143 | TRACE    | src.core.database.models:bulk_upsert:115 - Bulk upsert performed, 1500 rows affected.
2023-04-28 00:41:54.204 | TRACE    | src.core.database.models:bulk_upsert:115 - Bulk upsert performed, 1500 rows affected.
2023-04-28 00:41:54.270 | TRACE    | src.core.database.models:bulk_upsert:115 - Bulk upsert performed, 1500 rows affected.
2023-04-28 00:41:54.326 | TRACE    | src.core.database.models:bulk_upsert:115 - Bulk upsert performed, 1500 rows affected.
2023-04-28 00:41:54.361 | TRACE    | src.core.database.models:bulk_upsert:115 - Bulk upsert performed, 1500 rows affected.
2023-04-28 00:41:54.403 | TRACE    | src.core.database.models:bulk_upsert:115 - Bulk upsert performed, 1500 rows affected.
2023-04-28 00:41:54.442 | TRACE    | src.core.database.models:bulk_upsert:115 - Bulk upsert performed, 1500 rows affected.
2023-04-28 00:41:54.482 | TRACE    | src.core.database.models:bulk_upsert:115 - Bulk upsert performed, 1500 rows affected.
2023-04-28 00:41:54.526 | TRACE    | src.core.database.models:bulk_upsert:115 - Bulk upsert performed, 1500 rows affected.
2023-04-28 00:41:54.578 | TRACE    | src.core.database.models:bulk_upsert:115 - Bulk upsert performed, 1500 rows affected.
2023-04-28 00:41:54.617 | TRACE    | src.core.database.models:bulk_upsert:115 - Bulk upsert performed, 1500 rows affected.
2023-04-28 00:41:54.662 | TRACE    | src.core.database.models:bulk_upsert:115 - Bulk upsert performed, 1500 rows affected.
2023-04-28 00:41:54.781 | TRACE    | src.core.database.models:bulk_upsert:115 - Bulk upsert performed, 1500 rows affected.
2023-04-28 00:41:54.824 | TRACE    | src.core.database.models:bulk_upsert:115 - Bulk upsert performed, 1500 rows affected.
2023-04-28 00:41:54.867 | TRACE    | src.core.database.models:bulk_upsert:115 - Bulk upsert performed, 1500 rows affected.
2023-04-28 00:41:54.956 | TRACE    | src.core.database.models:bulk_upsert:115 - Bulk upsert performed, 1500 rows affected.
2023-04-28 00:41:54.989 | TRACE    | src.core.database.models:bulk_upsert:115 - Bulk upsert performed, 1500 rows affected.
2023-04-28 00:41:55.022 | TRACE    | src.core.database.models:bulk_upsert:115 - Bulk upsert performed, 1500 rows affected.
2023-04-28 00:41:55.063 | TRACE    | src.core.database.models:bulk_upsert:115 - Bulk upsert performed, 1500 rows affected.
2023-04-28 00:41:55.142 | TRACE    | src.core.database.models:bulk_upsert:115 - Bulk upsert performed, 1500 rows affected.
2023-04-28 00:41:55.177 | TRACE    | src.core.database.models:bulk_upsert:115 - Bulk upsert performed, 1500 rows affected.
2023-04-28 00:41:55.211 | TRACE    | src.core.database.models:bulk_upsert:115 - Bulk upsert performed, 1500 rows affected.
2023-04-28 00:41:55.258 | TRACE    | src.core.database.models:bulk_upsert:115 - Bulk upsert performed, 1500 rows affected.
2023-04-28 00:41:55.333 | TRACE    | src.core.database.models:bulk_upsert:115 - Bulk upsert performed, 1500 rows affected.
2023-04-28 00:41:55.372 | TRACE    | src.core.database.models:bulk_upsert:115 - Bulk upsert performed, 1500 rows affected.
2023-04-28 00:41:55.409 | TRACE    | src.core.database.models:bulk_upsert:115 - Bulk upsert performed, 1500 rows affected.
2023-04-28 00:41:55.442 | TRACE    | src.core.database.models:bulk_upsert:115 - Bulk upsert performed, 1500 rows affected.
2023-04-28 00:41:55.477 | TRACE    | src.core.database.models:bulk_upsert:115 - Bulk upsert performed, 1500 rows affected.
2023-04-28 00:41:55.530 | TRACE    | src.core.database.models:bulk_upsert:115 - Bulk upsert performed, 1500 rows affected.
2023-04-28 00:41:55.567 | TRACE    | src.core.database.models:bulk_upsert:115 - Bulk upsert performed, 1500 rows affected.
2023-04-28 00:41:55.602 | TRACE    | src.core.database.models:bulk_upsert:115 - Bulk upsert performed, 1500 rows affected.
2023-04-28 00:41:55.723 | TRACE    | src.core.database.models:bulk_upsert:115 - Bulk upsert performed, 1500 rows affected.
2023-04-28 00:41:55.758 | TRACE    | src.core.database.models:bulk_upsert:115 - Bulk upsert performed, 1500 rows affected.
2023-04-28 00:41:55.792 | TRACE    | src.core.database.models:bulk_upsert:115 - Bulk upsert performed, 1500 rows affected.
2023-04-28 00:41:55.827 | TRACE    | src.core.database.models:bulk_upsert:115 - Bulk upsert performed, 1500 rows affected.
2023-04-28 00:41:55.863 | TRACE    | src.core.database.models:bulk_upsert:115 - Bulk upsert performed, 1500 rows affected.
2023-04-28 00:41:55.964 | TRACE    | src.core.database.models:bulk_upsert:115 - Bulk upsert performed, 1500 rows affected.
2023-04-28 00:41:56.018 | TRACE    | src.core.database.models:bulk_upsert:115 - Bulk upsert performed, 1500 rows affected.
2023-04-28 00:41:56.057 | TRACE    | src.core.database.models:bulk_upsert:115 - Bulk upsert performed, 1500 rows affected.
2023-04-28 00:41:56.144 | TRACE    | src.core.database.models:bulk_upsert:115 - Bulk upsert performed, 1500 rows affected.
2023-04-28 00:41:56.183 | TRACE    | src.core.database.models:bulk_upsert:115 - Bulk upsert performed, 1500 rows affected.
2023-04-28 00:41:56.234 | TRACE    | src.core.database.models:bulk_upsert:115 - Bulk upsert performed, 1500 rows affected.
2023-04-28 00:41:56.273 | TRACE    | src.core.database.models:bulk_upsert:115 - Bulk upsert performed, 1500 rows affected.
2023-04-28 00:41:56.494 | TRACE    | src.exts.listeners.messages.on_message:on_message:29 - Messsage event queued.
2023-04-28 00:41:56.643 | TRACE    | src.core.database.models:bulk_upsert:115 - Bulk upsert performed, 1500 rows affected.
2023-04-28 00:41:56.691 | TRACE    | src.core.database.models:bulk_upsert:115 - Bulk upsert performed, 1500 rows affected.
2023-04-28 00:41:56.793 | TRACE    | src.core.database.models:bulk_upsert:115 - Bulk upsert performed, 1500 rows affected.
2023-04-28 00:41:56.832 | TRACE    | src.core.database.models:bulk_upsert:115 - Bulk upsert performed, 1500 rows affected.
2023-04-28 00:41:56.864 | TRACE    | src.core.database.models:bulk_upsert:115 - Bulk upsert performed, 1500 rows affected.
2023-04-28 00:41:56.914 | TRACE    | src.core.database.models:bulk_upsert:115 - Bulk upsert performed, 1500 rows affected.
2023-04-28 00:41:56.958 | TRACE    | src.core.database.models:bulk_upsert:115 - Bulk upsert performed, 1500 rows affected.
2023-04-28 00:41:56.992 | TRACE    | src.core.database.models:bulk_upsert:115 - Bulk upsert performed, 1500 rows affected.
2023-04-28 00:41:57.026 | TRACE    | src.core.database.models:bulk_upsert:115 - Bulk upsert performed, 1500 rows affected.
2023-04-28 00:41:57.059 | TRACE    | src.core.database.models:bulk_upsert:115 - Bulk upsert performed, 1500 rows affected.
2023-04-28 00:41:57.097 | TRACE    | src.core.database.models:bulk_upsert:115 - Bulk upsert performed, 1500 rows affected.
2023-04-28 00:41:57.145 | TRACE    | src.core.database.models:bulk_upsert:115 - Bulk upsert performed, 1500 rows affected.
2023-04-28 00:41:57.182 | TRACE    | src.core.database.models:bulk_upsert:115 - Bulk upsert performed, 1500 rows affected.
2023-04-28 00:41:57.217 | TRACE    | src.core.database.models:bulk_upsert:115 - Bulk upsert performed, 1500 rows affected.
2023-04-28 00:41:57.259 | TRACE    | src.core.database.models:bulk_upsert:115 - Bulk upsert performed, 1500 rows affected.
2023-04-28 00:41:57.390 | TRACE    | src.core.database.models:bulk_upsert:115 - Bulk upsert performed, 1500 rows affected.
2023-04-28 00:41:57.433 | TRACE    | src.core.database.models:bulk_upsert:115 - Bulk upsert performed, 1500 rows affected.
2023-04-28 00:41:57.466 | TRACE    | src.core.database.models:bulk_upsert:115 - Bulk upsert performed, 1500 rows affected.
2023-04-28 00:41:57.501 | TRACE    | src.core.database.models:bulk_upsert:115 - Bulk upsert performed, 1500 rows affected.
2023-04-28 00:41:57.546 | TRACE    | src.core.database.models:bulk_upsert:115 - Bulk upsert performed, 1500 rows affected.
2023-04-28 00:41:57.587 | TRACE    | src.core.database.models:bulk_upsert:115 - Bulk upsert performed, 1500 rows affected.
2023-04-28 00:41:57.627 | TRACE    | src.core.database.models:bulk_upsert:115 - Bulk upsert performed, 1500 rows affected.
2023-04-28 00:41:57.667 | TRACE    | src.core.database.models:bulk_upsert:115 - Bulk upsert performed, 1500 rows affected.
2023-04-28 00:41:57.741 | TRACE    | src.core.database.models:bulk_upsert:115 - Bulk upsert performed, 1500 rows affected.
2023-04-28 00:41:57.779 | TRACE    | src.core.database.models:bulk_upsert:115 - Bulk upsert performed, 1500 rows affected.
2023-04-28 00:41:57.824 | TRACE    | src.core.database.models:bulk_upsert:115 - Bulk upsert performed, 1500 rows affected.
2023-04-28 00:41:57.872 | TRACE    | src.core.database.models:bulk_upsert:115 - Bulk upsert performed, 1500 rows affected.
2023-04-28 00:41:57.934 | TRACE    | src.core.database.models:bulk_upsert:115 - Bulk upsert performed, 1500 rows affected.
2023-04-28 00:41:57.972 | TRACE    | src.core.database.models:bulk_upsert:115 - Bulk upsert performed, 1500 rows affected.
2023-04-28 00:41:58.016 | TRACE    | src.core.database.models:bulk_upsert:115 - Bulk upsert performed, 1500 rows affected.
2023-04-28 00:41:58.057 | TRACE    | src.core.database.models:bulk_upsert:115 - Bulk upsert performed, 1500 rows affected.
2023-04-28 00:41:58.090 | TRACE    | src.core.database.models:bulk_upsert:115 - Bulk upsert performed, 1500 rows affected.
2023-04-28 00:41:58.128 | TRACE    | src.core.database.models:bulk_upsert:115 - Bulk upsert performed, 1500 rows affected.
2023-04-28 00:41:58.172 | TRACE    | src.core.database.models:bulk_upsert:115 - Bulk upsert performed, 1500 rows affected.
2023-04-28 00:41:58.222 | TRACE    | src.core.database.models:bulk_upsert:115 - Bulk upsert performed, 1500 rows affected.
2023-04-28 00:41:58.262 | TRACE    | src.core.database.models:bulk_upsert:115 - Bulk upsert performed, 1500 rows affected.
2023-04-28 00:41:58.296 | TRACE    | src.core.database.models:bulk_upsert:115 - Bulk upsert performed, 1500 rows affected.
2023-04-28 00:41:58.330 | TRACE    | src.core.database.models:bulk_upsert:115 - Bulk upsert performed, 1500 rows affected.
2023-04-28 00:41:58.377 | TRACE    | src.core.database.models:bulk_upsert:115 - Bulk upsert performed, 1500 rows affected.
2023-04-28 00:41:58.433 | TRACE    | src.core.database.models:bulk_upsert:115 - Bulk upsert performed, 1500 rows affected.
2023-04-28 00:41:58.467 | TRACE    | src.core.database.models:bulk_upsert:115 - Bulk upsert performed, 1500 rows affected.
2023-04-28 00:41:58.499 | TRACE    | src.core.database.models:bulk_upsert:115 - Bulk upsert performed, 1500 rows affected.
2023-04-28 00:41:58.870 | TRACE    | src.core.database.models:bulk_upsert:115 - Bulk upsert performed, 1500 rows affected.
2023-04-28 00:41:59.008 | TRACE    | src.core.database.models:bulk_upsert:115 - Bulk upsert performed, 1500 rows affected.
2023-04-28 00:41:59.257 | TRACE    | src.core.database.models:bulk_upsert:115 - Bulk upsert performed, 1500 rows affected.
2023-04-28 00:41:59.304 | TRACE    | src.core.database.models:bulk_upsert:115 - Bulk upsert performed, 1500 rows affected.
2023-04-28 00:41:59.342 | TRACE    | src.core.database.models:bulk_upsert:115 - Bulk upsert performed, 1500 rows affected.
2023-04-28 00:41:59.382 | TRACE    | src.core.database.models:bulk_upsert:115 - Bulk upsert performed, 1500 rows affected.
2023-04-28 00:41:59.445 | TRACE    | src.core.database.models:bulk_upsert:115 - Bulk upsert performed, 1500 rows affected.
2023-04-28 00:41:59.477 | TRACE    | src.core.database.models:bulk_upsert:115 - Bulk upsert performed, 1500 rows affected.
2023-04-28 00:41:59.554 | TRACE    | src.core.database.models:bulk_upsert:115 - Bulk upsert performed, 1500 rows affected.
2023-04-28 00:41:59.592 | TRACE    | src.core.database.models:bulk_upsert:115 - Bulk upsert performed, 1500 rows affected.
2023-04-28 00:41:59.632 | TRACE    | src.core.database.models:bulk_upsert:115 - Bulk upsert performed, 1500 rows affected.
2023-04-28 00:41:59.680 | TRACE    | src.core.database.models:bulk_upsert:115 - Bulk upsert performed, 1500 rows affected.
2023-04-28 00:41:59.747 | TRACE    | src.core.database.models:bulk_upsert:115 - Bulk upsert performed, 1500 rows affected.
2023-04-28 00:41:59.787 | TRACE    | src.core.database.models:bulk_upsert:115 - Bulk upsert performed, 1500 rows affected.
2023-04-28 00:41:59.821 | TRACE    | src.core.database.models:bulk_upsert:115 - Bulk upsert performed, 1500 rows affected.
2023-04-28 00:41:59.862 | TRACE    | src.core.database.models:bulk_upsert:115 - Bulk upsert performed, 1500 rows affected.
2023-04-28 00:41:59.895 | TRACE    | src.core.database.models:bulk_upsert:115 - Bulk upsert performed, 1500 rows affected.
2023-04-28 00:41:59.984 | TRACE    | src.core.database.models:bulk_upsert:115 - Bulk upsert performed, 1500 rows affected.
2023-04-28 00:42:00.021 | TRACE    | src.core.database.models:bulk_upsert:115 - Bulk upsert performed, 1500 rows affected.
2023-04-28 00:42:00.057 | TRACE    | src.core.database.models:bulk_upsert:115 - Bulk upsert performed, 1500 rows affected.
2023-04-28 00:42:00.094 | TRACE    | src.core.database.models:bulk_upsert:115 - Bulk upsert performed, 1500 rows affected.
2023-04-28 00:42:00.166 | TRACE    | src.core.database.models:bulk_upsert:115 - Bulk upsert performed, 1500 rows affected.
2023-04-28 00:42:00.202 | TRACE    | src.core.database.models:bulk_upsert:115 - Bulk upsert performed, 1500 rows affected.
2023-04-28 00:42:00.236 | TRACE    | src.core.database.models:bulk_upsert:115 - Bulk upsert performed, 1500 rows affected.
2023-04-28 00:42:00.277 | TRACE    | src.core.database.models:bulk_upsert:115 - Bulk upsert performed, 1500 rows affected.
2023-04-28 00:42:00.315 | TRACE    | src.core.database.models:bulk_upsert:115 - Bulk upsert performed, 1500 rows affected.
2023-04-28 00:42:00.350 | TRACE    | src.core.database.models:bulk_upsert:115 - Bulk upsert performed, 1500 rows affected.
2023-04-28 00:42:00.399 | TRACE    | src.core.database.models:bulk_upsert:115 - Bulk upsert performed, 1500 rows affected.
2023-04-28 00:42:00.437 | TRACE    | src.core.database.models:bulk_upsert:115 - Bulk upsert performed, 1500 rows affected.
2023-04-28 00:42:00.477 | TRACE    | src.core.database.models:bulk_upsert:115 - Bulk upsert performed, 1500 rows affected.
2023-04-28 00:42:00.547 | TRACE    | src.core.database.models:bulk_upsert:115 - Bulk upsert performed, 1500 rows affected.
2023-04-28 00:42:00.586 | TRACE    | src.core.database.models:bulk_upsert:115 - Bulk upsert performed, 1500 rows affected.
2023-04-28 00:42:00.626 | TRACE    | src.core.database.models:bulk_upsert:115 - Bulk upsert performed, 1500 rows affected.
2023-04-28 00:42:00.661 | TRACE    | src.core.database.models:bulk_upsert:115 - Bulk upsert performed, 1500 rows affected.
2023-04-28 00:42:00.997 | TRACE    | src.core.database.models:bulk_upsert:115 - Bulk upsert performed, 1500 rows affected.
2023-04-28 00:42:01.037 | TRACE    | src.core.database.models:bulk_upsert:115 - Bulk upsert performed, 1500 rows affected.
2023-04-28 00:42:01.083 | TRACE    | src.core.database.models:bulk_upsert:115 - Bulk upsert performed, 1500 rows affected.
2023-04-28 00:42:01.116 | TRACE    | src.core.database.models:bulk_upsert:115 - Bulk upsert performed, 1500 rows affected.
2023-04-28 00:42:01.155 | TRACE    | src.core.database.models:bulk_upsert:115 - Bulk upsert performed, 1500 rows affected.
2023-04-28 00:42:01.197 | TRACE    | src.core.database.models:bulk_upsert:115 - Bulk upsert performed, 1500 rows affected.
2023-04-28 00:42:01.238 | TRACE    | src.core.database.models:bulk_upsert:115 - Bulk upsert performed, 1500 rows affected.
2023-04-28 00:42:01.275 | TRACE    | src.exts.listeners.members.on_member_update:on_member_update:21 - Member update event queued.
2023-04-28 00:42:01.281 | TRACE    | src.core.database.models:bulk_upsert:115 - Bulk upsert performed, 1500 rows affected.
2023-04-28 00:42:01.322 | TRACE    | src.core.database.models:bulk_upsert:115 - Bulk upsert performed, 1500 rows affected.
2023-04-28 00:42:01.388 | TRACE    | src.core.database.models:bulk_upsert:115 - Bulk upsert performed, 1500 rows affected.
2023-04-28 00:42:01.454 | TRACE    | src.core.database.models:bulk_upsert:115 - Bulk upsert performed, 1500 rows affected.
2023-04-28 00:42:01.492 | TRACE    | src.core.database.models:bulk_upsert:115 - Bulk upsert performed, 1500 rows affected.
2023-04-28 00:42:01.557 | TRACE    | src.core.database.models:bulk_upsert:115 - Bulk upsert performed, 1500 rows affected.
2023-04-28 00:42:01.572 | TRACE    | src.exts.listeners.members.on_member_update:on_member_update:21 - Member update event queued.
2023-04-28 00:42:01.592 | TRACE    | src.core.database.models:bulk_upsert:115 - Bulk upsert performed, 1500 rows affected.
2023-04-28 00:42:01.631 | TRACE    | src.core.database.models:bulk_upsert:115 - Bulk upsert performed, 1500 rows affected.
2023-04-28 00:42:01.675 | TRACE    | src.core.database.models:bulk_upsert:115 - Bulk upsert performed, 1500 rows affected.
2023-04-28 00:42:01.711 | TRACE    | src.core.database.models:bulk_upsert:115 - Bulk upsert performed, 1500 rows affected.
2023-04-28 00:42:01.748 | TRACE    | src.core.database.models:bulk_upsert:115 - Bulk upsert performed, 1500 rows affected.
2023-04-28 00:42:01.781 | TRACE    | src.core.database.models:bulk_upsert:115 - Bulk upsert performed, 1500 rows affected.
2023-04-28 00:42:01.812 | TRACE    | src.core.database.models:bulk_upsert:115 - Bulk upsert performed, 1500 rows affected.
2023-04-28 00:42:01.859 | TRACE    | src.core.database.models:bulk_upsert:115 - Bulk upsert performed, 1500 rows affected.
2023-04-28 00:42:01.907 | TRACE    | src.core.database.models:bulk_upsert:115 - Bulk upsert performed, 1500 rows affected.
2023-04-28 00:42:01.949 | TRACE    | src.core.database.models:bulk_upsert:115 - Bulk upsert performed, 1500 rows affected.
2023-04-28 00:42:01.981 | TRACE    | src.core.database.models:bulk_upsert:115 - Bulk upsert performed, 1500 rows affected.
2023-04-28 00:42:02.018 | TRACE    | src.core.database.models:bulk_upsert:115 - Bulk upsert performed, 1500 rows affected.
2023-04-28 00:42:02.070 | TRACE    | src.core.database.models:bulk_upsert:115 - Bulk upsert performed, 1500 rows affected.
2023-04-28 00:42:02.111 | TRACE    | src.core.database.models:bulk_upsert:115 - Bulk upsert performed, 1500 rows affected.
2023-04-28 00:42:02.157 | TRACE    | src.core.database.models:bulk_upsert:115 - Bulk upsert performed, 1500 rows affected.
2023-04-28 00:42:02.197 | TRACE    | src.core.database.models:bulk_upsert:115 - Bulk upsert performed, 1500 rows affected.
2023-04-28 00:42:02.233 | TRACE    | src.core.database.models:bulk_upsert:115 - Bulk upsert performed, 1500 rows affected.
2023-04-28 00:42:02.279 | TRACE    | src.core.database.models:bulk_upsert:115 - Bulk upsert performed, 1500 rows affected.
2023-04-28 00:42:02.327 | TRACE    | src.core.database.models:bulk_upsert:115 - Bulk upsert performed, 1500 rows affected.
2023-04-28 00:42:02.369 | TRACE    | src.core.database.models:bulk_upsert:115 - Bulk upsert performed, 1500 rows affected.
2023-04-28 00:42:02.407 | TRACE    | src.core.database.models:bulk_upsert:115 - Bulk upsert performed, 1500 rows affected.
2023-04-28 00:42:02.448 | TRACE    | src.core.database.models:bulk_upsert:115 - Bulk upsert performed, 1500 rows affected.
2023-04-28 00:42:02.483 | TRACE    | src.core.database.models:bulk_upsert:115 - Bulk upsert performed, 1500 rows affected.
2023-04-28 00:42:02.522 | TRACE    | src.core.database.models:bulk_upsert:115 - Bulk upsert performed, 1500 rows affected.
2023-04-28 00:42:02.559 | TRACE    | src.core.database.models:bulk_upsert:115 - Bulk upsert performed, 1500 rows affected.
2023-04-28 00:42:02.602 | TRACE    | src.core.database.models:bulk_upsert:115 - Bulk upsert performed, 1500 rows affected.
2023-04-28 00:42:02.643 | TRACE    | src.core.database.models:bulk_upsert:115 - Bulk upsert performed, 1500 rows affected.
2023-04-28 00:42:02.677 | TRACE    | src.core.database.models:bulk_upsert:115 - Bulk upsert performed, 1500 rows affected.
2023-04-28 00:42:02.722 | TRACE    | src.core.database.models:bulk_upsert:115 - Bulk upsert performed, 1500 rows affected.
2023-04-28 00:42:02.759 | TRACE    | src.core.database.models:bulk_upsert:115 - Bulk upsert performed, 1500 rows affected.
2023-04-28 00:42:02.797 | TRACE    | src.core.database.models:bulk_upsert:115 - Bulk upsert performed, 1500 rows affected.
2023-04-28 00:42:02.844 | TRACE    | src.core.database.models:bulk_upsert:115 - Bulk upsert performed, 1500 rows affected.
2023-04-28 00:42:02.887 | TRACE    | src.core.database.models:bulk_upsert:115 - Bulk upsert performed, 1500 rows affected.
2023-04-28 00:42:02.927 | TRACE    | src.core.database.models:bulk_upsert:115 - Bulk upsert performed, 1500 rows affected.
2023-04-28 00:42:02.965 | TRACE    | src.core.database.models:bulk_upsert:115 - Bulk upsert performed, 1500 rows affected.
2023-04-28 00:42:03.002 | TRACE    | src.core.database.models:bulk_upsert:115 - Bulk upsert performed, 1500 rows affected.
2023-04-28 00:42:03.074 | TRACE    | src.core.database.models:bulk_upsert:115 - Bulk upsert performed, 1500 rows affected.
2023-04-28 00:42:03.117 | TRACE    | src.core.database.models:bulk_upsert:115 - Bulk upsert performed, 1500 rows affected.
2023-04-28 00:42:03.242 | TRACE    | src.core.database.models:bulk_upsert:115 - Bulk upsert performed, 1500 rows affected.
2023-04-28 00:42:03.284 | TRACE    | src.core.database.models:bulk_upsert:115 - Bulk upsert performed, 1500 rows affected.
2023-04-28 00:42:03.349 | TRACE    | src.core.database.models:bulk_upsert:115 - Bulk upsert performed, 1500 rows affected.
2023-04-28 00:42:03.381 | TRACE    | src.core.database.models:bulk_upsert:115 - Bulk upsert performed, 1500 rows affected.
2023-04-28 00:42:03.417 | TRACE    | src.core.database.models:bulk_upsert:115 - Bulk upsert performed, 1500 rows affected.
2023-04-28 00:42:03.452 | TRACE    | src.core.database.models:bulk_upsert:115 - Bulk upsert performed, 1500 rows affected.
2023-04-28 00:42:03.486 | TRACE    | src.core.database.models:bulk_upsert:115 - Bulk upsert performed, 1500 rows affected.
2023-04-28 00:42:03.769 | TRACE    | src.core.database.models:bulk_upsert:115 - Bulk upsert performed, 1500 rows affected.
2023-04-28 00:42:03.833 | TRACE    | src.core.database.models:bulk_upsert:115 - Bulk upsert performed, 1500 rows affected.
2023-04-28 00:42:03.872 | TRACE    | src.core.database.models:bulk_upsert:115 - Bulk upsert performed, 1500 rows affected.
2023-04-28 00:42:03.912 | TRACE    | src.core.database.models:bulk_upsert:115 - Bulk upsert performed, 1500 rows affected.
2023-04-28 00:42:03.979 | TRACE    | src.core.database.models:bulk_upsert:115 - Bulk upsert performed, 1500 rows affected.
2023-04-28 00:42:04.094 | TRACE    | src.core.database.models:bulk_upsert:115 - Bulk upsert performed, 1500 rows affected.
2023-04-28 00:42:04.132 | TRACE    | src.core.database.models:bulk_upsert:115 - Bulk upsert performed, 1500 rows affected.
2023-04-28 00:42:04.169 | TRACE    | src.core.database.models:bulk_upsert:115 - Bulk upsert performed, 1500 rows affected.
2023-04-28 00:42:04.212 | TRACE    | src.core.database.models:bulk_upsert:115 - Bulk upsert performed, 1500 rows affected.
2023-04-28 00:42:04.247 | TRACE    | src.core.database.models:bulk_upsert:115 - Bulk upsert performed, 1500 rows affected.
2023-04-28 00:42:04.287 | TRACE    | src.core.database.models:bulk_upsert:115 - Bulk upsert performed, 1500 rows affected.
2023-04-28 00:42:04.321 | TRACE    | src.core.database.models:bulk_upsert:115 - Bulk upsert performed, 1500 rows affected.
2023-04-28 00:42:04.383 | TRACE    | src.core.database.models:bulk_upsert:115 - Bulk upsert performed, 1500 rows affected.
2023-04-28 00:42:04.432 | TRACE    | src.core.database.models:bulk_upsert:115 - Bulk upsert performed, 1500 rows affected.
2023-04-28 00:42:04.474 | TRACE    | src.core.database.models:bulk_upsert:115 - Bulk upsert performed, 1500 rows affected.
2023-04-28 00:42:04.514 | TRACE    | src.core.database.models:bulk_upsert:115 - Bulk upsert performed, 1500 rows affected.
2023-04-28 00:42:04.688 | TRACE    | src.core.database.models:bulk_upsert:115 - Bulk upsert performed, 1500 rows affected.
2023-04-28 00:42:04.724 | TRACE    | src.core.database.models:bulk_upsert:115 - Bulk upsert performed, 1500 rows affected.
2023-04-28 00:42:04.763 | TRACE    | src.core.database.models:bulk_upsert:115 - Bulk upsert performed, 1500 rows affected.
2023-04-28 00:42:04.799 | TRACE    | src.core.database.models:bulk_upsert:115 - Bulk upsert performed, 1500 rows affected.
2023-04-28 00:42:04.839 | TRACE    | src.core.database.models:bulk_upsert:115 - Bulk upsert performed, 1500 rows affected.
2023-04-28 00:42:04.873 | TRACE    | src.core.database.models:bulk_upsert:115 - Bulk upsert performed, 1500 rows affected.
2023-04-28 00:42:04.908 | TRACE    | src.core.database.models:bulk_upsert:115 - Bulk upsert performed, 1500 rows affected.
2023-04-28 00:42:04.970 | TRACE    | src.core.database.models:bulk_upsert:115 - Bulk upsert performed, 1500 rows affected.
2023-04-28 00:42:05.023 | TRACE    | src.core.database.models:bulk_upsert:115 - Bulk upsert performed, 1500 rows affected.
2023-04-28 00:42:05.063 | TRACE    | src.core.database.models:bulk_upsert:115 - Bulk upsert performed, 1500 rows affected.
2023-04-28 00:42:05.103 | TRACE    | src.core.database.models:bulk_upsert:115 - Bulk upsert performed, 1500 rows affected.
2023-04-28 00:42:05.139 | TRACE    | src.core.database.models:bulk_upsert:115 - Bulk upsert performed, 1500 rows affected.
2023-04-28 00:42:05.173 | TRACE    | src.core.database.models:bulk_upsert:115 - Bulk upsert performed, 1500 rows affected.
2023-04-28 00:42:05.229 | TRACE    | src.core.database.models:bulk_upsert:115 - Bulk upsert performed, 1500 rows affected.
2023-04-28 00:42:05.266 | TRACE    | src.core.database.models:bulk_upsert:115 - Bulk upsert performed, 1500 rows affected.
2023-04-28 00:42:05.317 | TRACE    | src.core.database.models:bulk_upsert:115 - Bulk upsert performed, 1500 rows affected.
2023-04-28 00:42:05.409 | TRACE    | src.core.database.models:bulk_upsert:115 - Bulk upsert performed, 1500 rows affected.
2023-04-28 00:42:05.446 | TRACE    | src.core.database.models:bulk_upsert:115 - Bulk upsert performed, 1500 rows affected.
2023-04-28 00:42:05.485 | TRACE    | src.core.database.models:bulk_upsert:115 - Bulk upsert performed, 1500 rows affected.
2023-04-28 00:42:05.526 | TRACE    | src.core.database.models:bulk_upsert:115 - Bulk upsert performed, 1500 rows affected.
2023-04-28 00:42:05.707 | TRACE    | src.core.database.models:bulk_upsert:115 - Bulk upsert performed, 1500 rows affected.
2023-04-28 00:42:05.744 | TRACE    | src.core.database.models:bulk_upsert:115 - Bulk upsert performed, 1500 rows affected.
2023-04-28 00:42:05.783 | TRACE    | src.core.database.models:bulk_upsert:115 - Bulk upsert performed, 1500 rows affected.
2023-04-28 00:42:05.826 | TRACE    | src.core.database.models:bulk_upsert:115 - Bulk upsert performed, 1500 rows affected.
2023-04-28 00:42:05.870 | TRACE    | src.core.database.models:bulk_upsert:115 - Bulk upsert performed, 1500 rows affected.
2023-04-28 00:42:05.913 | TRACE    | src.core.database.models:bulk_upsert:115 - Bulk upsert performed, 1500 rows affected.
2023-04-28 00:42:05.972 | TRACE    | src.core.database.models:bulk_upsert:115 - Bulk upsert performed, 1500 rows affected.
2023-04-28 00:42:06.027 | TRACE    | src.core.database.models:bulk_upsert:115 - Bulk upsert performed, 1500 rows affected.
2023-04-28 00:42:06.066 | TRACE    | src.core.database.models:bulk_upsert:115 - Bulk upsert performed, 1500 rows affected.
2023-04-28 00:42:06.106 | TRACE    | src.core.database.models:bulk_upsert:115 - Bulk upsert performed, 1500 rows affected.
2023-04-28 00:42:06.443 | TRACE    | src.core.database.models:bulk_upsert:115 - Bulk upsert performed, 1500 rows affected.
2023-04-28 00:42:06.914 | TRACE    | src.core.database.models:bulk_upsert:115 - Bulk upsert performed, 1500 rows affected.
2023-04-28 00:42:06.992 | TRACE    | src.core.database.models:bulk_upsert:115 - Bulk upsert performed, 1500 rows affected.
2023-04-28 00:42:07.032 | TRACE    | src.core.database.models:bulk_upsert:115 - Bulk upsert performed, 1500 rows affected.
2023-04-28 00:42:07.069 | TRACE    | src.core.database.models:bulk_upsert:115 - Bulk upsert performed, 1500 rows affected.
2023-04-28 00:42:07.108 | TRACE    | src.core.database.models:bulk_upsert:115 - Bulk upsert performed, 1500 rows affected.
2023-04-28 00:42:07.175 | TRACE    | src.core.database.models:bulk_upsert:115 - Bulk upsert performed, 1500 rows affected.
2023-04-28 00:42:07.219 | TRACE    | src.core.database.models:bulk_upsert:115 - Bulk upsert performed, 1500 rows affected.
2023-04-28 00:42:07.272 | TRACE    | src.core.database.models:bulk_upsert:115 - Bulk upsert performed, 1500 rows affected.
2023-04-28 00:42:07.313 | TRACE    | src.core.database.models:bulk_upsert:115 - Bulk upsert performed, 1500 rows affected.
2023-04-28 00:42:07.353 | TRACE    | src.core.database.models:bulk_upsert:115 - Bulk upsert performed, 1500 rows affected.
2023-04-28 00:42:07.390 | TRACE    | src.core.database.models:bulk_upsert:115 - Bulk upsert performed, 1500 rows affected.
2023-04-28 00:42:07.439 | TRACE    | src.core.database.models:bulk_upsert:115 - Bulk upsert performed, 1500 rows affected.
2023-04-28 00:42:07.489 | TRACE    | src.core.database.models:bulk_upsert:115 - Bulk upsert performed, 1500 rows affected.
2023-04-28 00:42:07.528 | TRACE    | src.core.database.models:bulk_upsert:115 - Bulk upsert performed, 1500 rows affected.
2023-04-28 00:42:07.626 | TRACE    | src.core.database.models:bulk_upsert:115 - Bulk upsert performed, 1500 rows affected.
2023-04-28 00:42:07.701 | TRACE    | src.core.database.models:bulk_upsert:115 - Bulk upsert performed, 1500 rows affected.
2023-04-28 00:42:07.747 | TRACE    | src.core.database.models:bulk_upsert:115 - Bulk upsert performed, 1500 rows affected.
2023-04-28 00:42:07.785 | TRACE    | src.core.database.models:bulk_upsert:115 - Bulk upsert performed, 1500 rows affected.
2023-04-28 00:42:07.839 | TRACE    | src.core.database.models:bulk_upsert:115 - Bulk upsert performed, 1500 rows affected.
2023-04-28 00:42:07.874 | TRACE    | src.core.database.models:bulk_upsert:115 - Bulk upsert performed, 1500 rows affected.
2023-04-28 00:42:07.920 | TRACE    | src.core.database.models:bulk_upsert:115 - Bulk upsert performed, 1500 rows affected.
2023-04-28 00:42:07.954 | TRACE    | src.core.database.models:bulk_upsert:115 - Bulk upsert performed, 1500 rows affected.
2023-04-28 00:42:08.001 | TRACE    | src.core.database.models:bulk_upsert:115 - Bulk upsert performed, 1500 rows affected.
2023-04-28 00:42:08.038 | TRACE    | src.core.database.models:bulk_upsert:115 - Bulk upsert performed, 1500 rows affected.
2023-04-28 00:42:08.087 | TRACE    | src.core.database.models:bulk_upsert:115 - Bulk upsert performed, 1500 rows affected.
2023-04-28 00:42:08.137 | TRACE    | src.core.database.models:bulk_upsert:115 - Bulk upsert performed, 1500 rows affected.
2023-04-28 00:42:08.191 | TRACE    | src.core.database.models:bulk_upsert:115 - Bulk upsert performed, 1500 rows affected.
2023-04-28 00:42:08.237 | TRACE    | src.core.database.models:bulk_upsert:115 - Bulk upsert performed, 1500 rows affected.
2023-04-28 00:42:08.271 | TRACE    | src.core.database.models:bulk_upsert:115 - Bulk upsert performed, 1500 rows affected.
2023-04-28 00:42:08.323 | TRACE    | src.core.database.models:bulk_upsert:115 - Bulk upsert performed, 1500 rows affected.
2023-04-28 00:42:08.389 | TRACE    | src.core.database.models:bulk_upsert:115 - Bulk upsert performed, 1500 rows affected.
2023-04-28 00:42:08.422 | TRACE    | src.core.database.models:bulk_upsert:115 - Bulk upsert performed, 1500 rows affected.
2023-04-28 00:42:08.456 | TRACE    | src.core.database.models:bulk_upsert:115 - Bulk upsert performed, 1500 rows affected.
2023-04-28 00:42:08.493 | TRACE    | src.core.database.models:bulk_upsert:115 - Bulk upsert performed, 1500 rows affected.
2023-04-28 00:42:08.611 | TRACE    | src.core.database.models:bulk_upsert:115 - Bulk upsert performed, 1500 rows affected.
2023-04-28 00:42:08.662 | TRACE    | src.core.database.models:bulk_upsert:115 - Bulk upsert performed, 1500 rows affected.
2023-04-28 00:42:08.702 | TRACE    | src.core.database.models:bulk_upsert:115 - Bulk upsert performed, 1500 rows affected.
2023-04-28 00:42:08.737 | TRACE    | src.core.database.models:bulk_upsert:115 - Bulk upsert performed, 1500 rows affected.
2023-04-28 00:42:08.843 | TRACE    | src.core.database.models:bulk_upsert:115 - Bulk upsert performed, 1500 rows affected.
2023-04-28 00:42:08.896 | TRACE    | src.core.database.models:bulk_upsert:115 - Bulk upsert performed, 1500 rows affected.
2023-04-28 00:42:08.936 | TRACE    | src.core.database.models:bulk_upsert:115 - Bulk upsert performed, 1500 rows affected.
2023-04-28 00:42:08.983 | TRACE    | src.core.database.models:bulk_upsert:115 - Bulk upsert performed, 1500 rows affected.
2023-04-28 00:42:09.037 | TRACE    | src.core.database.models:bulk_upsert:115 - Bulk upsert performed, 1500 rows affected.
2023-04-28 00:42:09.094 | TRACE    | src.core.database.models:bulk_upsert:115 - Bulk upsert performed, 1500 rows affected.
2023-04-28 00:42:09.206 | TRACE    | src.core.database.models:bulk_upsert:115 - Bulk upsert performed, 1500 rows affected.
2023-04-28 00:42:09.262 | TRACE    | src.core.database.models:bulk_upsert:115 - Bulk upsert performed, 1500 rows affected.
2023-04-28 00:42:09.308 | TRACE    | src.core.database.models:bulk_upsert:115 - Bulk upsert performed, 1500 rows affected.
2023-04-28 00:42:09.357 | TRACE    | src.core.database.models:bulk_upsert:115 - Bulk upsert performed, 1500 rows affected.
2023-04-28 00:42:09.449 | TRACE    | src.core.database.models:bulk_upsert:115 - Bulk upsert performed, 1500 rows affected.
2023-04-28 00:42:09.482 | TRACE    | src.core.database.models:bulk_upsert:115 - Bulk upsert performed, 1500 rows affected.
2023-04-28 00:42:09.518 | TRACE    | src.core.database.models:bulk_upsert:115 - Bulk upsert performed, 1500 rows affected.
2023-04-28 00:42:09.552 | TRACE    | src.core.database.models:bulk_upsert:115 - Bulk upsert performed, 1500 rows affected.
2023-04-28 00:42:09.585 | TRACE    | src.core.database.models:bulk_upsert:115 - Bulk upsert performed, 1500 rows affected.
2023-04-28 00:42:09.625 | TRACE    | src.core.database.models:bulk_upsert:115 - Bulk upsert performed, 1500 rows affected.
2023-04-28 00:42:09.662 | TRACE    | src.core.database.models:bulk_upsert:115 - Bulk upsert performed, 1500 rows affected.
2023-04-28 00:42:09.849 | TRACE    | src.core.database.models:bulk_upsert:115 - Bulk upsert performed, 1500 rows affected.
2023-04-28 00:42:09.901 | TRACE    | src.core.database.models:bulk_upsert:115 - Bulk upsert performed, 1500 rows affected.
2023-04-28 00:42:09.952 | TRACE    | src.core.database.models:bulk_upsert:115 - Bulk upsert performed, 1500 rows affected.
2023-04-28 00:42:10.034 | TRACE    | src.core.database.models:bulk_upsert:115 - Bulk upsert performed, 1500 rows affected.
2023-04-28 00:42:10.091 | TRACE    | src.core.database.models:bulk_upsert:115 - Bulk upsert performed, 1500 rows affected.
2023-04-28 00:42:10.152 | TRACE    | src.core.database.models:bulk_upsert:115 - Bulk upsert performed, 1500 rows affected.
2023-04-28 00:42:10.200 | TRACE    | src.core.database.models:bulk_upsert:115 - Bulk upsert performed, 1500 rows affected.
2023-04-28 00:42:10.243 | TRACE    | src.core.database.models:bulk_upsert:115 - Bulk upsert performed, 1500 rows affected.
2023-04-28 00:42:10.296 | TRACE    | src.core.database.models:bulk_upsert:115 - Bulk upsert performed, 1500 rows affected.
2023-04-28 00:42:10.353 | TRACE    | src.core.database.models:bulk_upsert:115 - Bulk upsert performed, 1500 rows affected.
2023-04-28 00:42:10.647 | TRACE    | src.core.database.models:bulk_upsert:115 - Bulk upsert performed, 1500 rows affected.
2023-04-28 00:42:10.682 | TRACE    | src.core.database.models:bulk_upsert:115 - Bulk upsert performed, 1500 rows affected.
2023-04-28 00:42:10.735 | TRACE    | src.core.database.models:bulk_upsert:115 - Bulk upsert performed, 1500 rows affected.
2023-04-28 00:42:10.825 | TRACE    | src.core.database.models:bulk_upsert:115 - Bulk upsert performed, 1500 rows affected.
2023-04-28 00:42:10.872 | TRACE    | src.core.database.models:bulk_upsert:115 - Bulk upsert performed, 1500 rows affected.
2023-04-28 00:42:10.886 | TRACE    | src.exts.listeners.members.on_member_update:on_member_update:21 - Member update event queued.
2023-04-28 00:42:10.924 | TRACE    | src.core.database.models:bulk_upsert:115 - Bulk upsert performed, 1500 rows affected.
2023-04-28 00:42:10.983 | TRACE    | src.core.database.models:bulk_upsert:115 - Bulk upsert performed, 1500 rows affected.
2023-04-28 00:42:11.025 | TRACE    | src.core.database.models:bulk_upsert:115 - Bulk upsert performed, 1500 rows affected.
2023-04-28 00:42:11.064 | TRACE    | src.core.database.models:bulk_upsert:115 - Bulk upsert performed, 1500 rows affected.
2023-04-28 00:42:11.097 | TRACE    | src.core.database.models:bulk_upsert:115 - Bulk upsert performed, 1500 rows affected.
2023-04-28 00:42:11.132 | TRACE    | src.core.database.models:bulk_upsert:115 - Bulk upsert performed, 1500 rows affected.
2023-04-28 00:42:11.166 | TRACE    | src.core.database.models:bulk_upsert:115 - Bulk upsert performed, 1500 rows affected.
2023-04-28 00:42:11.209 | TRACE    | src.core.database.models:bulk_upsert:115 - Bulk upsert performed, 1500 rows affected.
2023-04-28 00:42:11.243 | TRACE    | src.core.database.models:bulk_upsert:115 - Bulk upsert performed, 1500 rows affected.
2023-04-28 00:42:11.277 | TRACE    | src.core.database.models:bulk_upsert:115 - Bulk upsert performed, 1500 rows affected.
2023-04-28 00:42:11.312 | TRACE    | src.core.database.models:bulk_upsert:115 - Bulk upsert performed, 1500 rows affected.
2023-04-28 00:42:11.347 | TRACE    | src.core.database.models:bulk_upsert:115 - Bulk upsert performed, 1500 rows affected.
2023-04-28 00:42:11.404 | TRACE    | src.core.database.models:bulk_upsert:115 - Bulk upsert performed, 1500 rows affected.
2023-04-28 00:42:11.437 | TRACE    | src.core.database.models:bulk_upsert:115 - Bulk upsert performed, 1500 rows affected.
2023-04-28 00:42:11.472 | TRACE    | src.core.database.models:bulk_upsert:115 - Bulk upsert performed, 1500 rows affected.
2023-04-28 00:42:11.507 | TRACE    | src.core.database.models:bulk_upsert:115 - Bulk upsert performed, 1500 rows affected.
2023-04-28 00:42:11.561 | TRACE    | src.core.database.models:bulk_upsert:115 - Bulk upsert performed, 1500 rows affected.
2023-04-28 00:42:11.614 | TRACE    | src.core.database.models:bulk_upsert:115 - Bulk upsert performed, 1500 rows affected.
2023-04-28 00:42:11.632 | TRACE    | src.exts.listeners.messages.on_message:on_message:29 - Messsage event queued.
2023-04-28 00:42:11.645 | TRACE    | src.core.database.models:bulk_upsert:115 - Bulk upsert performed, 1500 rows affected.
2023-04-28 00:42:11.679 | TRACE    | src.core.database.models:bulk_upsert:115 - Bulk upsert performed, 1500 rows affected.
2023-04-28 00:42:11.727 | TRACE    | src.core.database.models:bulk_upsert:115 - Bulk upsert performed, 1500 rows affected.
2023-04-28 00:42:11.767 | TRACE    | src.core.database.models:bulk_upsert:115 - Bulk upsert performed, 1500 rows affected.
2023-04-28 00:42:11.797 | TRACE    | src.core.database.models:bulk_upsert:115 - Bulk upsert performed, 1148 rows affected.
2023-04-28 00:42:11.804 | INFO     | src.exts.utils.sync:sync_members:76 - Updated a total of 496148 rows in 18.78 seconds.
2023-04-28 00:42:11.882 | INFO     | src.exts.utils.sync:sync_channels:81 - synchronizing guild channels...
2023-04-28 00:42:12.071 | TRACE    | src.exts.utils.sync:sync_channels:97 - Finished synchronizing guild categories.
2023-04-28 00:42:12.895 | TRACE    | src.exts.utils.sync:sync_channels:124 - Finished synchronizing guild channels.
2023-04-28 00:42:12.918 | TRACE    | src.exts.utils.sync:sync_channels:154 - Finished synchronizing guild threads.
2023-04-28 00:42:12.919 | INFO     | src.exts.utils.sync:sync_channels:156 - Finished synchonizing guild channels.
2023-04-28 00:42:12.952 | TRACE    | src.exts.listeners.members.on_member_update:on_member_update:56 - Member updated in the database.
2023-04-28 00:42:12.954 | TRACE    | src.exts.listeners.messages.on_message:on_message:47 - Inserted message into the database.
2023-04-28 00:42:12.955 | TRACE    | src.exts.listeners.messages.on_message:on_message:47 - Inserted message into the database.
2023-04-28 00:42:12.956 | TRACE    | src.exts.listeners.members.on_member_update:on_member_update:56 - Member updated in the database.
2023-04-28 00:42:12.956 | TRACE    | src.exts.listeners.messages.on_message:on_message:47 - Inserted message into the database.
2023-04-28 00:42:12.956 | TRACE    | src.exts.listeners.members.on_member_update:on_member_update:56 - Member updated in the database.
2023-04-28 00:42:12.957 | TRACE    | src.exts.listeners.members.on_member_update:on_member_update:56 - Member updated in the database.
2023-04-28 00:42:12.958 | TRACE    | src.exts.listeners.members.on_member_update:on_member_update:56 - Member updated in the database.
2023-04-28 00:42:12.958 | TRACE    | src.exts.listeners.messages.on_message:on_message:47 - Inserted message into the database.
2023-04-28 00:42:12.959 | TRACE    | src.exts.listeners.members.on_member_update:on_member_update:56 - Member updated in the database.
2023-04-28 00:42:12.959 | TRACE    | src.exts.listeners.members.on_member_update:on_member_update:56 - Member updated in the database.
2023-04-28 00:42:12.960 | TRACE    | src.exts.listeners.members.on_member_update:on_member_update:56 - Member updated in the database.
2023-04-28 00:42:12.961 | TRACE    | src.exts.listeners.messages.on_message:on_message:47 - Inserted message into the database.
2023-04-28 00:42:13.179 | TRACE    | src.exts.listeners.members.on_member_update:on_member_update:56 - Member updated in the database.
2023-04-28 00:42:13.654 | TRACE    | src.exts.listeners.members.on_member_update:on_member_update:56 - Member updated in the database.
2023-04-28 00:42:16.297 | TRACE    | src.exts.listeners.members.on_member_update:on_member_update:56 - Member updated in the database.
2023-04-28 00:42:19.479 | TRACE    | src.exts.listeners.messages.on_message:on_message:47 - Inserted message into the database.
2023-04-28 00:42:21.799 | TRACE    | src.exts.listeners.messages.on_message:on_message:47 - Inserted message into the database.
2023-04-28 00:42:21.841 | TRACE    | src.exts.listeners.members.on_member_update:on_member_update:56 - Member updated in the database.
2023-04-28 00:42:22.577 | TRACE    | src.exts.listeners.messages.on_message:on_message:47 - Inserted message into the database.
2023-04-28 00:42:26.779 | TRACE    | src.exts.listeners.members.on_member_update:on_member_update:56 - Member updated in the database.
2023-04-28 00:42:37.146 | TRACE    | src.exts.listeners.members.on_member_update:on_member_update:56 - Member updated in the database.
2023-04-28 00:42:39.477 | TRACE    | src.exts.listeners.messages.on_message:on_message:47 - Inserted message into the database.
2023-04-28 00:42:40.562 | TRACE    | src.exts.listeners.messages.on_message:on_message:47 - Inserted message into the database.
2023-04-28 00:42:41.857 | TRACE    | src.exts.listeners.members.on_member_remove:on_member_remove:26 - Member marked as not in guild.
2023-04-28 00:42:46.973 | TRACE    | src.exts.listeners.members.on_member_update:on_member_update:56 - Member updated in the database.
2023-04-28 00:42:50.095 | TRACE    | src.exts.listeners.messages.on_message:on_message:47 - Inserted message into the database.
2023-04-28 00:42:50.122 | TRACE    | src.exts.listeners.messages.on_message:on_message:47 - Inserted message into the database.
2023-04-28 00:42:58.348 | TRACE    | src.exts.listeners.members.on_member_update:on_member_update:56 - Member updated in the database.
2023-04-28 00:43:02.712 | TRACE    | src.exts.listeners.messages.on_message:on_message:47 - Inserted message into the database.
2023-04-28 00:43:06.903 | TRACE    | src.exts.listeners.members.on_member_update:on_member_update:56 - Member updated in the database.
2023-04-28 00:43:08.255 | TRACE    | src.exts.listeners.members.on_member_update:on_member_update:56 - Member updated in the database.
